<?xml version="1.0" encoding="UTF-8"?>
<testsuite name="de.tomgrill.gdxtesting.examples.UnitTestExample" tests="1" skipped="0" failures="0" errors="0" timestamp="2021-02-02T11:43:06" hostname="LAPTOP-3Q6O0D9D" time="0.0">
  <properties/>
  <testcase name="oneEqualsOne" classname="de.tomgrill.gdxtesting.examples.UnitTestExample" time="0.0"/>
  <system-out><![CDATA[]]></system-out>
  <system-err><![CDATA[]]></system-err>
</testsuite>
